<?xml version='1.0' encoding='UTF-8'?>
<testsuite hostname="unislab-PowerEdge-T640" name="fetch.FetchTest" tests="1" errors="0" failures="1" skipped="0" time="2.507" timestamp="2022-10-09T20:25:03">
                     <properties>
[...]
</properties>
                     <testcase classname="fetch.FetchTest" name="fetch test" time="2.507">
                                                 <failure message="timeout on Top.clock: IO[Clock] at 1000 idle cycles. You can extend the timeout by calling .setTimeout(&lt;n&gt;) on your clock (setting it to 0 means 'no timeout')." type="chiseltest.TimeoutException">chiseltest.TimeoutException: timeout on Top.clock: IO[Clock] at 1000 idle cycles. You can extend the timeout by calling .setTimeout(&lt;n&gt;) on your clock (setting it to 0 means 'no timeout').
	at chiseltest.internal.GenericBackend.$anonfun$run$7(GenericBackend.scala:188)
	at chiseltest.internal.GenericBackend.$anonfun$run$7$adapted(GenericBackend.scala:185)
	at scala.collection.mutable.HashMap$Node.foreach(HashMap.scala:627)
	at scala.collection.mutable.HashMap.foreach(HashMap.scala:489)
	at chiseltest.internal.GenericBackend.run(GenericBackend.scala:185)
	at chiseltest.internal.Context$.$anonfun$run$1(Testers2.scala:34)
	at scala.util.DynamicVariable.withValue(DynamicVariable.scala:59)
	at chiseltest.internal.Context$.run(Testers2.scala:34)
	at chiseltest.ChiselScalatestTester.chiseltest$ChiselScalatestTester$$runTest(ChiselScalatestTester.scala:103)
	at chiseltest.ChiselScalatestTester$TestBuilder.apply(ChiselScalatestTester.scala:31)
	at fetch.FetchTest.$anonfun$new$1(FetchTest.scala:11)
	at org.scalatest.OutcomeOf.outcomeOf(OutcomeOf.scala:85)
	at org.scalatest.OutcomeOf.outcomeOf$(OutcomeOf.scala:83)
	at org.scalatest.OutcomeOf$.outcomeOf(OutcomeOf.scala:104)
	at org.scalatest.Transformer.apply(Transformer.scala:22)
	at org.scalatest.Transformer.apply(Transformer.scala:20)
	at org.scalatest.freespec.AnyFreeSpecLike$$anon$1.apply(AnyFreeSpecLike.scala:406)
	at org.scalatest.TestSuite.withFixture(TestSuite.scala:196)
	at org.scalatest.TestSuite.withFixture$(TestSuite.scala:195)
	at fetch.FetchTest.chiseltest$ChiselScalatestTester$$super$withFixture(FetchTest.scala:8)
	at chiseltest.ChiselScalatestTester.$anonfun$withFixture$1(ChiselScalatestTester.scala:82)
	at scala.util.DynamicVariable.withValue(DynamicVariable.scala:59)
	at chiseltest.ChiselScalatestTester.withFixture(ChiselScalatestTester.scala:82)
	at chiseltest.ChiselScalatestTester.withFixture$(ChiselScalatestTester.scala:79)
	at fetch.FetchTest.withFixture(FetchTest.scala:8)
	at org.scalatest.freespec.AnyFreeSpecLike.invokeWithFixture$1(AnyFreeSpecLike.scala:404)
	at org.scalatest.freespec.AnyFreeSpecLike.$anonfun$runTest$1(AnyFreeSpecLike.scala:416)
	at org.scalatest.SuperEngine.runTestImpl(Engine.scala:306)
	at org.scalatest.freespec.AnyFreeSpecLike.runTest(AnyFreeSpecLike.scala:416)
	at org.scalatest.freespec.AnyFreeSpecLike.runTest$(AnyFreeSpecLike.scala:398)
	at org.scalatest.freespec.AnyFreeSpec.runTest(AnyFreeSpec.scala:1739)
	at org.scalatest.freespec.AnyFreeSpecLike.$anonfun$runTests$1(AnyFreeSpecLike.scala:475)
	at org.scalatest.SuperEngine.$anonfun$runTestsInBranch$1(Engine.scala:413)
	at scala.collection.immutable.List.foreach(List.scala:333)
	at org.scalatest.SuperEngine.traverseSubNodes$1(Engine.scala:401)
	at org.scalatest.SuperEngine.runTestsInBranch(Engine.scala:396)
	at org.scalatest.SuperEngine.runTestsImpl(Engine.scala:475)
	at org.scalatest.freespec.AnyFreeSpecLike.runTests(AnyFreeSpecLike.scala:475)
	at org.scalatest.freespec.AnyFreeSpecLike.runTests$(AnyFreeSpecLike.scala:474)
	at org.scalatest.freespec.AnyFreeSpec.runTests(AnyFreeSpec.scala:1739)
	at org.scalatest.Suite.run(Suite.scala:1112)
	at org.scalatest.Suite.run$(Suite.scala:1094)
	at org.scalatest.freespec.AnyFreeSpec.org$scalatest$freespec$AnyFreeSpecLike$$super$run(AnyFreeSpec.scala:1739)
	at org.scalatest.freespec.AnyFreeSpecLike.$anonfun$run$1(AnyFreeSpecLike.scala:519)
	at org.scalatest.SuperEngine.runImpl(Engine.scala:535)
	at org.scalatest.freespec.AnyFreeSpecLike.run(AnyFreeSpecLike.scala:519)
	at org.scalatest.freespec.AnyFreeSpecLike.run$(AnyFreeSpecLike.scala:518)
	at org.scalatest.freespec.AnyFreeSpec.run(AnyFreeSpec.scala:1739)
	at org.scalatest.tools.Framework.org$scalatest$tools$Framework$$runSuite(Framework.scala:318)
	at org.scalatest.tools.Framework$ScalaTestTask.execute(Framework.scala:513)
	at sbt.TestRunner.runTest$1(TestFramework.scala:139)
	at sbt.TestRunner.run(TestFramework.scala:154)
	at sbt.TestFramework$$anon$3$$anonfun$$lessinit$greater$1.$anonfun$apply$1(TestFramework.scala:317)
	at sbt.TestFramework$.sbt$TestFramework$$withContextLoader(TestFramework.scala:277)
	at sbt.TestFramework$$anon$3$$anonfun$$lessinit$greater$1.apply(TestFramework.scala:317)
	at sbt.TestFramework$$anon$3$$anonfun$$lessinit$greater$1.apply(TestFramework.scala:317)
	at sbt.TestFunction.apply(TestFramework.scala:329)
	at sbt.Tests$.$anonfun$toTask$1(Tests.scala:422)
	at sbt.std.Transform$$anon$3.$anonfun$apply$2(Transform.scala:46)
	at sbt.std.Transform$$anon$4.work(Transform.scala:68)
	at sbt.Execute.$anonfun$submit$2(Execute.scala:282)
	at sbt.internal.util.ErrorHandling$.wideConvert(ErrorHandling.scala:23)
	at sbt.Execute.work(Execute.scala:291)
	at sbt.Execute.$anonfun$submit$1(Execute.scala:282)
	at sbt.ConcurrentRestrictions$$anon$4.$anonfun$submitValid$1(ConcurrentRestrictions.scala:265)
	at sbt.CompletionService$$anon$2.call(CompletionService.scala:64)
	at java.base/java.util.concurrent.FutureTask.run(FutureTask.java:264)
	at java.base/java.util.concurrent.Executors$RunnableAdapter.call(Executors.java:515)
	at java.base/java.util.concurrent.FutureTask.run(FutureTask.java:264)
	at java.base/java.util.concurrent.ThreadPoolExecutor.runWorker(ThreadPoolExecutor.java:1128)
	at java.base/java.util.concurrent.ThreadPoolExecutor$Worker.run(ThreadPoolExecutor.java:628)
	at java.base/java.lang.Thread.run(Thread.java:829)
</failure>
                                               </testcase>
                     <system-out><![CDATA[]]></system-out>
                     <system-err><![CDATA[]]></system-err>
                   </testsuite>